  [1m[36m (1.8ms)[0m  [1mCREATE TABLE "schema_migrations" ("version" varchar(255) NOT NULL) [0m
  [1m[35m (0.5ms)[0m  select sqlite_version(*)
  [1m[36m (1.5ms)[0m  [1mCREATE UNIQUE INDEX "unique_schema_migrations" ON "schema_migrations" ("version")[0m
  [1m[35mActiveRecord::SchemaMigration Load (0.1ms)[0m  SELECT "schema_migrations".* FROM "schema_migrations"
Migrating to CreateReports (20140610154851)
  [1m[36m (0.1ms)[0m  [1mbegin transaction[0m
  [1m[35m (0.4ms)[0m  CREATE TABLE "reports" ("id" INTEGER PRIMARY KEY AUTOINCREMENT NOT NULL, "plan_id" integer, "pass" integer, "fail" integer, "error" integer, "url" varchar(255), "created_at" datetime, "updated_at" datetime) 
  [1m[36m (0.1ms)[0m  [1mCREATE  INDEX "index_reports_on_plan_id" ON "reports" ("plan_id")[0m
  [1m[35mSQL (0.3ms)[0m  INSERT INTO "schema_migrations" ("version") VALUES (?)  [["version", "20140610154851"]]
  [1m[36m (1.3ms)[0m  [1mcommit transaction[0m
  [1m[35mActiveRecord::SchemaMigration Load (0.1ms)[0m  SELECT "schema_migrations".* FROM "schema_migrations"
  [1m[36m (0.1ms)[0m  [1m            SELECT sql
            FROM sqlite_master
            WHERE name='index_reports_on_plan_id' AND type='index'
            UNION ALL
            SELECT sql
            FROM sqlite_temp_master
            WHERE name='index_reports_on_plan_id' AND type='index'
[0m


Started GET "/" for 127.0.0.1 at 2014-06-11 00:23:20 +0800
  [1m[36mActiveRecord::SchemaMigration Load (0.1ms)[0m  [1mSELECT "schema_migrations".* FROM "schema_migrations"[0m
Processing by Rails::WelcomeController#index as HTML
  Rendered /Users/clin/.rvm/gems/ruby-2.1.2/gems/railties-4.1.1/lib/rails/templates/rails/welcome/index.html.erb (2.3ms)
Completed 200 OK in 25ms (Views: 14.6ms | ActiveRecord: 0.0ms)


Started GET "/" for 127.0.0.1 at 2014-06-11 00:26:53 +0800
  [1m[36mActiveRecord::SchemaMigration Load (0.1ms)[0m  [1mSELECT "schema_migrations".* FROM "schema_migrations"[0m
Processing by ReportsController#index as HTML
  [1m[35mReport Load (0.2ms)[0m  SELECT "reports".* FROM "reports"
  Rendered reports/index.html.erb within layouts/application (3.5ms)
Completed 200 OK in 900ms (Views: 889.2ms | ActiveRecord: 0.2ms)


Started GET "/assets/reports.css?body=1" for 127.0.0.1 at 2014-06-11 00:26:54 +0800


Started GET "/assets/application.css?body=1" for 127.0.0.1 at 2014-06-11 00:26:54 +0800


Started GET "/assets/turbolinks.js?body=1" for 127.0.0.1 at 2014-06-11 00:26:54 +0800


Started GET "/assets/reports.js?body=1" for 127.0.0.1 at 2014-06-11 00:26:54 +0800


Started GET "/assets/jquery.js?body=1" for 127.0.0.1 at 2014-06-11 00:26:57 +0800
  [1m[36mActiveRecord::SchemaMigration Load (0.1ms)[0m  [1mSELECT "schema_migrations".* FROM "schema_migrations"[0m


Started GET "/assets/scaffolds.css?body=1" for 127.0.0.1 at 2014-06-11 00:26:57 +0800


Started GET "/assets/jquery_ujs.js?body=1" for 127.0.0.1 at 2014-06-11 00:26:57 +0800


Started GET "/assets/application.js?body=1" for 127.0.0.1 at 2014-06-11 00:26:57 +0800
  [1m[36mActiveRecord::SchemaMigration Load (0.1ms)[0m  [1mSELECT "schema_migrations".* FROM "schema_migrations"[0m
Migrating to CreatePlans (20140610165522)
  [1m[35m (0.1ms)[0m  begin transaction
  [1m[36m (0.4ms)[0m  [1mCREATE TABLE "plans" ("id" INTEGER PRIMARY KEY AUTOINCREMENT NOT NULL, "title" varchar(255), "branch_id" integer, "owner" varchar(255)) [0m
  [1m[35mSQL (0.2ms)[0m  INSERT INTO "schema_migrations" ("version") VALUES (?)  [["version", "20140610165522"]]
  [1m[36m (1.3ms)[0m  [1mcommit transaction[0m
  [1m[35mActiveRecord::SchemaMigration Load (0.1ms)[0m  SELECT "schema_migrations".* FROM "schema_migrations"
  [1m[36m (0.2ms)[0m  [1m            SELECT sql
            FROM sqlite_master
            WHERE name='index_reports_on_plan_id' AND type='index'
            UNION ALL
            SELECT sql
            FROM sqlite_temp_master
            WHERE name='index_reports_on_plan_id' AND type='index'
[0m
  [1m[36mActiveRecord::SchemaMigration Load (0.1ms)[0m  [1mSELECT "schema_migrations".* FROM "schema_migrations"[0m
Migrating to CreateColumnForReports (20140610165729)
  [1m[35m (0.1ms)[0m  begin transaction
  [1m[36m (0.4ms)[0m  [1mCREATE TABLE "column_for_reports" ("id" INTEGER PRIMARY KEY AUTOINCREMENT NOT NULL, "note" text) [0m
  [1m[35mSQL (0.2ms)[0m  INSERT INTO "schema_migrations" ("version") VALUES (?)  [["version", "20140610165729"]]
  [1m[36m (6.5ms)[0m  [1mcommit transaction[0m
  [1m[35mActiveRecord::SchemaMigration Load (0.1ms)[0m  SELECT "schema_migrations".* FROM "schema_migrations"
  [1m[36m (0.1ms)[0m  [1m            SELECT sql
            FROM sqlite_master
            WHERE name='index_reports_on_plan_id' AND type='index'
            UNION ALL
            SELECT sql
            FROM sqlite_temp_master
            WHERE name='index_reports_on_plan_id' AND type='index'
[0m
